#
# A fatal error has been detected by the Java Runtime Environment:
#
#  EXCEPTION_ACCESS_VIOLATION (0xc0000005) at pc=0x000000006eaaf83a, pid=5984, tid=9000
#
# JRE version: Java(TM) SE Runtime Environment (11.0.2+9) (build 11.0.2+9-LTS)
# Java VM: Java HotSpot(TM) 64-Bit Server VM (11.0.2+9-LTS, mixed mode, tiered, compressed oops, g1 gc, windows-amd64)
# Problematic frame:
# C  [xuggle10718615671278086818.dll+0x36f83a]
#
# No core dump will be written. Minidumps are not enabled by default on client versions of Windows
#
# If you would like to submit a bug report, please visit:
#   http://bugreport.java.com/bugreport/crash.jsp
# The crash happened outside the Java Virtual Machine in native code.
# See problematic frame for where to report the bug.
#

---------------  S U M M A R Y ------------

Command Line: PaquetePrincipal.Principal

Host: AMD FX(tm)-8350 Eight-Core Processor           , 8 cores, 15G,  Windows 10 , 64 bit Build 17763 (10.0.17763.475)
Time: Thu May 30 14:22:28 2019 Hora de verano romance elapsed time: 8 seconds (0d 0h 0m 8s)

---------------  T H R E A D  ---------------

Current thread (0x00000212e338d000):  JavaThread "Proceso principal de analisis de video" [_thread_in_native, id=9000, stack(0x000000ee6e600000,0x000000ee6e700000)]

Stack: [0x000000ee6e600000,0x000000ee6e700000],  sp=0x000000ee6e6fe040,  free space=1016k
Native frames: (J=compiled Java code, j=interpreted, Vv=VM code, C=native code)
C  [xuggle10718615671278086818.dll+0x36f83a]

Java frames: (J=compiled Java code, j=interpreted, Vv=VM code)
j  com.xuggle.xuggler.XugglerJNI.IStreamCoder_decodeVideo(JLcom/xuggle/xuggler/IStreamCoder;JLcom/xuggle/xuggler/IVideoPicture;JLcom/xuggle/xuggler/IPacket;I)I+0
j  com.xuggle.xuggler.IStreamCoder.decodeVideo(Lcom/xuggle/xuggler/IVideoPicture;Lcom/xuggle/xuggler/IPacket;I)I+16
j  com.xuggle.mediatool.MediaReader.decodeVideo(Lcom/xuggle/xuggler/IStreamCoder;Lcom/xuggle/xuggler/IPacket;)V+20
j  com.xuggle.mediatool.MediaReader.readPacket()Lcom/xuggle/xuggler/IError;+140
j  PaquetePrincipal.DecodeAndCaptureFrames.<init>(Ljava/lang/String;)V+25
j  PaquetePrincipal.Hilo.run()V+11
v  ~StubRoutines::call_stub

siginfo: EXCEPTION_ACCESS_VIOLATION (0xc0000005), reading address 0x000000000000040c


Register to memory mapping:

RIP=0x000000006eaaf83a xuggle10718615671278086818.dll
RAX=0x000000000000040c is an unknown value
RBX=0x00000212df4fcc90 points into unknown readable memory: 00 00 00 00 00 00 00 00
RCX=0x0000000000000006 is an unknown value
RDX=0x0000000000000016 is an unknown value
RSP=0x000000ee6e6fe040 is pointing into the stack for thread: 0x00000212e338d000
RBP=0x00000212df505050 points into unknown readable memory: c0 c3 10 6f 00 00 00 00
RSI=0x00000212df4fcc90 points into unknown readable memory: 00 00 00 00 00 00 00 00
RDI=0x00000212df500670 points into unknown readable memory: b0 12 49 df 12 02 00 00
R8 =0x0000000000020300 is an unknown value
R9 =0x00000212df4912b0 points into unknown readable memory: 00 0e 52 06 2d fc fd de
R10=0x0 is NULL
R11=0x00000212e4f59898 points into unknown readable memory: 89 60 7b fa a1 54 04 10
R12=0x0 is NULL
R13=0x0 is NULL
R14=0x000000000000002d is an unknown value
R15=0x0 is NULL


Registers:
RAX=0x000000000000040c, RBX=0x00000212df4fcc90, RCX=0x0000000000000006, RDX=0x0000000000000016
RSP=0x000000ee6e6fe040, RBP=0x00000212df505050, RSI=0x00000212df4fcc90, RDI=0x00000212df500670
R8 =0x0000000000020300, R9 =0x00000212df4912b0, R10=0x0000000000000000, R11=0x00000212e4f59898
R12=0x0000000000000000, R13=0x0000000000000000, R14=0x000000000000002d, R15=0x0000000000000000
RIP=0x000000006eaaf83a, EFLAGS=0x0000000000010216

Top of Stack: (sp=0x000000ee6e6fe040)
0x000000ee6e6fe040:   0000021200000040 0000000000000000
0x000000ee6e6fe050:   0000000000000018 0000000000000000
0x000000ee6e6fe060:   00000212b4b93db8 000000ee6e6fe070
0x000000ee6e6fe070:   0000000000000002 00000000000e6000
0x000000ee6e6fe080:   000000000011f800 0000000000000000
0x000000ee6e6fe090:   0000000000000000 0000000000000000
0x000000ee6e6fe0a0:   000000000000000c 00000212e4afcdb0
0x000000ee6e6fe0b0:   0000028000000500 0000000000000280
0x000000ee6e6fe0c0:   0000000000000000 0000000000000000
0x000000ee6e6fe0d0:   00000212e4e06550 00000212e4e06558
0x000000ee6e6fe0e0:   00000212e4e08d50 00000212e4e08d58
0x000000ee6e6fe0f0:   00000212e4f20080 00000212e4f598a0
0x000000ee6e6fe100:   0000000000000141 0000000000000001
0x000000ee6e6fe110:   0000000000000018 00000212df4fcc90
0x000000ee6e6fe120:   0000000000000000 00000212df500670
0x000000ee6e6fe130:   00000212df505050 0000000000000000 

Instructions: (pc=0x000000006eaaf83a)
0x000000006eaaf81a:   c7 00 00 00 66 c7 40 02 00 00 89 d0 c1 e8 03 41
0x000000006eaaf82a:   8b 04 01 0f c8 d3 e0 c1 e8 f7 89 c0 49 8d 04 82
0x000000006eaaf83a:   0f bf 38 0f bf 40 02 85 c0 89 7c 24 5c 0f 88 85
0x000000006eaaf84a:   12 00 00 01 d0 49 89 f6 48 c7 44 24 40 00 00 00 


Stack slot to memory mapping:
stack at sp + 0 slots: 0x0000021200000040 is an unknown value
stack at sp + 1 slots: 0x0 is NULL
stack at sp + 2 slots: 0x0000000000000018 is an unknown value
stack at sp + 3 slots: 0x0 is NULL
stack at sp + 4 slots: 0x00000212b4b93db8 points into unknown readable memory: 00 00 00 00 00 00 00 00
stack at sp + 5 slots: 0x000000ee6e6fe070 is pointing into the stack for thread: 0x00000212e338d000
stack at sp + 6 slots: 0x0000000000000002 is an unknown value
stack at sp + 7 slots: 0x00000000000e6000 is an unknown value


---------------  P R O C E S S  ---------------

Threads class SMR info:
_java_thread_list=0x00000212e3550440, length=20, elements={
0x00000212da536000, 0x00000212da537800, 0x00000212dadfd000, 0x00000212dadff000,
0x00000212dae00800, 0x00000212dae04800, 0x00000212dae06000, 0x00000212daffc800,
0x00000212db00d800, 0x00000212dbbd6000, 0x00000212dbbc8800, 0x00000212dba2c000,
0x00000212dc30c000, 0x00000212dc19e000, 0x00000212b6bbb800, 0x00000212dc057800,
0x00000212dc4cd800, 0x00000212dc7ff000, 0x00000212e338d000, 0x00000212e31e5000
}

Java Threads: ( => current thread )
  0x00000212da536000 JavaThread "Reference Handler" daemon [_thread_blocked, id=2448, stack(0x000000ee6c100000,0x000000ee6c200000)]
  0x00000212da537800 JavaThread "Finalizer" daemon [_thread_blocked, id=10268, stack(0x000000ee6c200000,0x000000ee6c300000)]
  0x00000212dadfd000 JavaThread "Signal Dispatcher" daemon [_thread_blocked, id=7048, stack(0x000000ee6c300000,0x000000ee6c400000)]
  0x00000212dadff000 JavaThread "Attach Listener" daemon [_thread_blocked, id=5404, stack(0x000000ee6c400000,0x000000ee6c500000)]
  0x00000212dae00800 JavaThread "C2 CompilerThread0" daemon [_thread_in_native, id=12260, stack(0x000000ee6c500000,0x000000ee6c600000)]
  0x00000212dae04800 JavaThread "C1 CompilerThread0" daemon [_thread_blocked, id=4876, stack(0x000000ee6c600000,0x000000ee6c700000)]
  0x00000212dae06000 JavaThread "Sweeper thread" daemon [_thread_blocked, id=7188, stack(0x000000ee6c700000,0x000000ee6c800000)]
  0x00000212daffc800 JavaThread "Service Thread" daemon [_thread_blocked, id=1028, stack(0x000000ee6c800000,0x000000ee6c900000)]
  0x00000212db00d800 JavaThread "Common-Cleaner" daemon [_thread_blocked, id=8680, stack(0x000000ee6ca00000,0x000000ee6cb00000)]
  0x00000212dbbd6000 JavaThread "Java2D Disposer" daemon [_thread_blocked, id=13132, stack(0x000000ee6cc00000,0x000000ee6cd00000)]
  0x00000212dbbc8800 JavaThread "AWT-Shutdown" [_thread_blocked, id=4000, stack(0x000000ee6cd00000,0x000000ee6ce00000)]
  0x00000212dba2c000 JavaThread "AWT-Windows" daemon [_thread_in_native, id=816, stack(0x000000ee6ce00000,0x000000ee6cf00000)]
  0x00000212dc30c000 JavaThread "Image Fetcher 0" daemon [_thread_blocked, id=12096, stack(0x000000ee6d700000,0x000000ee6d800000)]
  0x00000212dc19e000 JavaThread "AWT-EventQueue-0" [_thread_blocked, id=9380, stack(0x000000ee6d800000,0x000000ee6d900000)]
  0x00000212b6bbb800 JavaThread "DestroyJavaVM" [_thread_blocked, id=6940, stack(0x000000ee6ba00000,0x000000ee6bb00000)]
  0x00000212dc057800 JavaThread "D3D Screen Updater" daemon [_thread_blocked, id=1804, stack(0x000000ee6d900000,0x000000ee6da00000)]
  0x00000212dc4cd800 JavaThread "TimerQueue" daemon [_thread_blocked, id=13944, stack(0x000000ee6cb00000,0x000000ee6cc00000)]
  0x00000212dc7ff000 JavaThread "Swing-Shell" daemon [_thread_blocked, id=7812, stack(0x000000ee6da00000,0x000000ee6db00000)]
=>0x00000212e338d000 JavaThread "Proceso principal de analisis de video" [_thread_in_native, id=9000, stack(0x000000ee6e600000,0x000000ee6e700000)]
  0x00000212e31e5000 JavaThread "Proceso principalcontinuo de actualización" [_thread_in_native, id=8616, stack(0x000000ee6e700000,0x000000ee6e800000)]

Other Threads:
  0x00000212da534000 VMThread "VM Thread" [stack: 0x000000ee6c000000,0x000000ee6c100000] [id=8640]
  0x00000212dafc4000 WatcherThread [stack: 0x000000ee6c900000,0x000000ee6ca00000] [id=11336]
  0x00000212b6bd0800 GCTaskThread "GC Thread#0" [stack: 0x000000ee6bb00000,0x000000ee6bc00000] [id=11724]
  0x00000212e3130800 GCTaskThread "GC Thread#1" [stack: 0x000000ee6de00000,0x000000ee6df00000] [id=7060]
  0x00000212e3131000 GCTaskThread "GC Thread#2" [stack: 0x000000ee6df00000,0x000000ee6e000000] [id=12036]
  0x00000212e3132000 GCTaskThread "GC Thread#3" [stack: 0x000000ee6e000000,0x000000ee6e100000] [id=1448]
  0x00000212e3132800 GCTaskThread "GC Thread#4" [stack: 0x000000ee6e100000,0x000000ee6e200000] [id=7664]
  0x00000212e3134800 GCTaskThread "GC Thread#5" [stack: 0x000000ee6e200000,0x000000ee6e300000] [id=2700]
  0x00000212b6c2d000 ConcurrentGCThread "G1 Main Marker" [stack: 0x000000ee6bc00000,0x000000ee6bd00000] [id=12480]
  0x00000212b6c2e000 ConcurrentGCThread "G1 Conc#0" [stack: 0x000000ee6bd00000,0x000000ee6be00000] [id=10188]
  0x00000212db420000 ConcurrentGCThread "G1 Conc#1" [stack: 0x000000ee6e500000,0x000000ee6e600000] [id=11960]
  0x00000212da418800 ConcurrentGCThread "G1 Refine#0" [stack: 0x000000ee6be00000,0x000000ee6bf00000] [id=8056]
  0x00000212db0ee800 ConcurrentGCThread "G1 Refine#1" [stack: 0x000000ee6e300000,0x000000ee6e400000] [id=8004]
  0x00000212dbff7800 ConcurrentGCThread "G1 Refine#2" [stack: 0x000000ee6e400000,0x000000ee6e500000] [id=5016]
  0x00000212da419800 ConcurrentGCThread "G1 Young RemSet Sampling" [stack: 0x000000ee6bf00000,0x000000ee6c000000] [id=12852]

Threads with active compile tasks:
C2 CompilerThread02431 %     4       com.sun.imageio.plugins.png.PNGImageWriter::encodePass @ 790 (1063 bytes)
C2 CompilerThread12433 %     4       sun.awt.image.ByteInterleavedRaster::putByteData @ 456 (834 bytes)

VM state:not at safepoint (normal execution)

VM Mutex/Monitor currently owned by a thread: None

Heap address: 0x0000000700c00000, size: 4084 MB, Compressed Oops mode: Zero based, Oop shift amount: 3
Narrow klass base: 0x0000000800000000, Narrow klass shift: 0
Compressed class space size: 1073741824 Address: 0x0000000800000000

Heap:
 garbage-first heap   total 262144K, used 39333K [0x0000000700c00000, 0x0000000800000000)
  region size 1024K, 23 young (23552K), 1 survivors (1024K)
 Metaspace       used 23092K, capacity 23639K, committed 23808K, reserved 1071104K
  class space    used 2564K, capacity 2790K, committed 2816K, reserved 1048576K
Heap Regions: E=young(eden), S=young(survivor), O=old, HS=humongous(starts), HC=humongous(continues), CS=collection set, F=free, A=archive, TAMS=top-at-mark-start (previous, next)
|   0|0x0000000700c00000, 0x0000000700d00000, 0x0000000700d00000|100%|HS|  |TAMS 0x0000000700d00000, 0x0000000700c00000| Complete 
|   1|0x0000000700d00000, 0x0000000700e00000, 0x0000000700e00000|100%| O|  |TAMS 0x0000000700e00000, 0x0000000700d00000| Untracked 
|   2|0x0000000700e00000, 0x0000000700f00000, 0x0000000700f00000|100%| O|  |TAMS 0x0000000700f00000, 0x0000000700e00000| Untracked 
|   3|0x0000000700f00000, 0x0000000701000000, 0x0000000701000000|100%| O|  |TAMS 0x0000000701000000, 0x0000000700f00000| Untracked 
|   4|0x0000000701000000, 0x0000000701100000, 0x0000000701100000|100%| O|  |TAMS 0x0000000701100000, 0x0000000701000000| Untracked 
|   5|0x0000000701100000, 0x0000000701200000, 0x0000000701200000|100%| O|  |TAMS 0x0000000701200000, 0x0000000701100000| Untracked 
|   6|0x0000000701200000, 0x0000000701300000, 0x0000000701300000|100%| O|  |TAMS 0x0000000701300000, 0x0000000701200000| Untracked 
|   7|0x0000000701300000, 0x0000000701400000, 0x0000000701400000|100%| O|  |TAMS 0x0000000701400000, 0x0000000701300000| Untracked 
|   8|0x0000000701400000, 0x00000007014ffe00, 0x0000000701500000| 99%| O|  |TAMS 0x00000007014ffe00, 0x0000000701400000| Untracked 
|   9|0x0000000701500000, 0x0000000701600000, 0x0000000701600000|100%|HS|  |TAMS 0x0000000701500000, 0x0000000701500000| Complete 
|  10|0x0000000701600000, 0x0000000701700000, 0x0000000701700000|100%|HC|  |TAMS 0x0000000701600000, 0x0000000701600000| Complete 
|  11|0x0000000701700000, 0x0000000701800000, 0x0000000701800000|100%|HS|  |TAMS 0x0000000701700000, 0x0000000701700000| Complete 
|  12|0x0000000701800000, 0x0000000701900000, 0x0000000701900000|100%|HC|  |TAMS 0x0000000701800000, 0x0000000701800000| Complete 
|  13|0x0000000701900000, 0x0000000701a00000, 0x0000000701a00000|100%|HC|  |TAMS 0x0000000701900000, 0x0000000701900000| Complete 
|  14|0x0000000701a00000, 0x0000000701b00000, 0x0000000701b00000|100%|HS|  |TAMS 0x0000000701a00000, 0x0000000701a00000| Complete 
|  15|0x0000000701b00000, 0x0000000701c00000, 0x0000000701c00000|100%|HC|  |TAMS 0x0000000701b00000, 0x0000000701b00000| Complete 
|  16|0x0000000701c00000, 0x0000000701d00000, 0x0000000701d00000|100%|HC|  |TAMS 0x0000000701c00000, 0x0000000701c00000| Complete 
|  17|0x0000000701d00000, 0x0000000701d00000, 0x0000000701e00000|  0%| F|  |TAMS 0x0000000701d00000, 0x0000000701d00000| Untracked 
|  18|0x0000000701e00000, 0x0000000701e00000, 0x0000000701f00000|  0%| F|  |TAMS 0x0000000701e00000, 0x0000000701e00000| Untracked 
|  19|0x0000000701f00000, 0x0000000701f00000, 0x0000000702000000|  0%| F|  |TAMS 0x0000000701f00000, 0x0000000701f00000| Untracked 
|  20|0x0000000702000000, 0x0000000702000000, 0x0000000702100000|  0%| F|  |TAMS 0x0000000702000000, 0x0000000702000000| Untracked 
|  21|0x0000000702100000, 0x0000000702100000, 0x0000000702200000|  0%| F|  |TAMS 0x0000000702100000, 0x0000000702100000| Untracked 
|  22|0x0000000702200000, 0x0000000702200000, 0x0000000702300000|  0%| F|  |TAMS 0x0000000702200000, 0x0000000702200000| Untracked 
|  23|0x0000000702300000, 0x0000000702300000, 0x0000000702400000|  0%| F|  |TAMS 0x0000000702300000, 0x0000000702300000| Untracked 
|  24|0x0000000702400000, 0x0000000702400000, 0x0000000702500000|  0%| F|  |TAMS 0x0000000702400000, 0x0000000702400000| Untracked 
|  25|0x0000000702500000, 0x0000000702500000, 0x0000000702600000|  0%| F|  |TAMS 0x0000000702500000, 0x0000000702500000| Untracked 
|  26|0x0000000702600000, 0x0000000702600000, 0x0000000702700000|  0%| F|  |TAMS 0x0000000702600000, 0x0000000702600000| Untracked 
|  27|0x0000000702700000, 0x0000000702700000, 0x0000000702800000|  0%| F|  |TAMS 0x0000000702700000, 0x0000000702700000| Untracked 
|  28|0x0000000702800000, 0x0000000702800000, 0x0000000702900000|  0%| F|  |TAMS 0x0000000702800000, 0x0000000702800000| Untracked 
|  29|0x0000000702900000, 0x0000000702900000, 0x0000000702a00000|  0%| F|  |TAMS 0x0000000702900000, 0x0000000702900000| Untracked 
|  30|0x0000000702a00000, 0x0000000702a00000, 0x0000000702b00000|  0%| F|  |TAMS 0x0000000702a00000, 0x0000000702a00000| Untracked 
|  31|0x0000000702b00000, 0x0000000702b00000, 0x0000000702c00000|  0%| F|  |TAMS 0x0000000702b00000, 0x0000000702b00000| Untracked 
|  32|0x0000000702c00000, 0x0000000702c00000, 0x0000000702d00000|  0%| F|  |TAMS 0x0000000702c00000, 0x0000000702c00000| Untracked 
|  33|0x0000000702d00000, 0x0000000702d00000, 0x0000000702e00000|  0%| F|  |TAMS 0x0000000702d00000, 0x0000000702d00000| Untracked 
|  34|0x0000000702e00000, 0x0000000702e00000, 0x0000000702f00000|  0%| F|  |TAMS 0x0000000702e00000, 0x0000000702e00000| Untracked 
|  35|0x0000000702f00000, 0x0000000702f00000, 0x0000000703000000|  0%| F|  |TAMS 0x0000000702f00000, 0x0000000702f00000| Untracked 
|  36|0x0000000703000000, 0x0000000703000000, 0x0000000703100000|  0%| F|  |TAMS 0x0000000703000000, 0x0000000703000000| Untracked 
|  37|0x0000000703100000, 0x0000000703100000, 0x0000000703200000|  0%| F|  |TAMS 0x0000000703100000, 0x0000000703100000| Untracked 
|  38|0x0000000703200000, 0x0000000703200000, 0x0000000703300000|  0%| F|  |TAMS 0x0000000703200000, 0x0000000703200000| Untracked 
|  39|0x0000000703300000, 0x0000000703300000, 0x0000000703400000|  0%| F|  |TAMS 0x0000000703300000, 0x0000000703300000| Untracked 
|  40|0x0000000703400000, 0x0000000703400000, 0x0000000703500000|  0%| F|  |TAMS 0x0000000703400000, 0x0000000703400000| Untracked 
|  41|0x0000000703500000, 0x0000000703500000, 0x0000000703600000|  0%| F|  |TAMS 0x0000000703500000, 0x0000000703500000| Untracked 
|  42|0x0000000703600000, 0x0000000703600000, 0x0000000703700000|  0%| F|  |TAMS 0x0000000703600000, 0x0000000703600000| Untracked 
|  43|0x0000000703700000, 0x0000000703700000, 0x0000000703800000|  0%| F|  |TAMS 0x0000000703700000, 0x0000000703700000| Untracked 
|  44|0x0000000703800000, 0x0000000703800000, 0x0000000703900000|  0%| F|  |TAMS 0x0000000703800000, 0x0000000703800000| Untracked 
|  45|0x0000000703900000, 0x0000000703900000, 0x0000000703a00000|  0%| F|  |TAMS 0x0000000703900000, 0x0000000703900000| Untracked 
|  46|0x0000000703a00000, 0x0000000703a00000, 0x0000000703b00000|  0%| F|  |TAMS 0x0000000703a00000, 0x0000000703a00000| Untracked 
|  47|0x0000000703b00000, 0x0000000703b00000, 0x0000000703c00000|  0%| F|  |TAMS 0x0000000703b00000, 0x0000000703b00000| Untracked 
|  48|0x0000000703c00000, 0x0000000703c00000, 0x0000000703d00000|  0%| F|  |TAMS 0x0000000703c00000, 0x0000000703c00000| Untracked 
|  49|0x0000000703d00000, 0x0000000703d00000, 0x0000000703e00000|  0%| F|  |TAMS 0x0000000703d00000, 0x0000000703d00000| Untracked 
|  50|0x0000000703e00000, 0x0000000703e00000, 0x0000000703f00000|  0%| F|  |TAMS 0x0000000703e00000, 0x0000000703e00000| Untracked 
|  51|0x0000000703f00000, 0x0000000703f00000, 0x0000000704000000|  0%| F|  |TAMS 0x0000000703f00000, 0x0000000703f00000| Untracked 
|  52|0x0000000704000000, 0x0000000704000000, 0x0000000704100000|  0%| F|  |TAMS 0x0000000704000000, 0x0000000704000000| Untracked 
|  53|0x0000000704100000, 0x0000000704100000, 0x0000000704200000|  0%| F|  |TAMS 0x0000000704100000, 0x0000000704100000| Untracked 
|  54|0x0000000704200000, 0x0000000704200000, 0x0000000704300000|  0%| F|  |TAMS 0x0000000704200000, 0x0000000704200000| Untracked 
|  55|0x0000000704300000, 0x0000000704300000, 0x0000000704400000|  0%| F|  |TAMS 0x0000000704300000, 0x0000000704300000| Untracked 
|  56|0x0000000704400000, 0x0000000704400000, 0x0000000704500000|  0%| F|  |TAMS 0x0000000704400000, 0x0000000704400000| Untracked 
|  57|0x0000000704500000, 0x0000000704500000, 0x0000000704600000|  0%| F|  |TAMS 0x0000000704500000, 0x0000000704500000| Untracked 
|  58|0x0000000704600000, 0x0000000704600000, 0x0000000704700000|  0%| F|  |TAMS 0x0000000704600000, 0x0000000704600000| Untracked 
|  59|0x0000000704700000, 0x0000000704700000, 0x0000000704800000|  0%| F|  |TAMS 0x0000000704700000, 0x0000000704700000| Untracked 
|  60|0x0000000704800000, 0x0000000704800000, 0x0000000704900000|  0%| F|  |TAMS 0x0000000704800000, 0x0000000704800000| Untracked 
|  61|0x0000000704900000, 0x0000000704900000, 0x0000000704a00000|  0%| F|  |TAMS 0x0000000704900000, 0x0000000704900000| Untracked 
|  62|0x0000000704a00000, 0x0000000704a00000, 0x0000000704b00000|  0%| F|  |TAMS 0x0000000704a00000, 0x0000000704a00000| Untracked 
|  63|0x0000000704b00000, 0x0000000704b00000, 0x0000000704c00000|  0%| F|  |TAMS 0x0000000704b00000, 0x0000000704b00000| Untracked 
|  64|0x0000000704c00000, 0x0000000704c00000, 0x0000000704d00000|  0%| F|  |TAMS 0x0000000704c00000, 0x0000000704c00000| Untracked 
|  65|0x0000000704d00000, 0x0000000704d00000, 0x0000000704e00000|  0%| F|  |TAMS 0x0000000704d00000, 0x0000000704d00000| Untracked 
|  66|0x0000000704e00000, 0x0000000704e00000, 0x0000000704f00000|  0%| F|  |TAMS 0x0000000704e00000, 0x0000000704e00000| Untracked 
|  67|0x0000000704f00000, 0x0000000704f00000, 0x0000000705000000|  0%| F|  |TAMS 0x0000000704f00000, 0x0000000704f00000| Untracked 
|  68|0x0000000705000000, 0x0000000705000000, 0x0000000705100000|  0%| F|  |TAMS 0x0000000705000000, 0x0000000705000000| Untracked 
|  69|0x0000000705100000, 0x0000000705100000, 0x0000000705200000|  0%| F|  |TAMS 0x0000000705100000, 0x0000000705100000| Untracked 
|  70|0x0000000705200000, 0x0000000705200000, 0x0000000705300000|  0%| F|  |TAMS 0x0000000705200000, 0x0000000705200000| Untracked 
|  71|0x0000000705300000, 0x0000000705300000, 0x0000000705400000|  0%| F|  |TAMS 0x0000000705300000, 0x0000000705300000| Untracked 
|  72|0x0000000705400000, 0x0000000705400000, 0x0000000705500000|  0%| F|  |TAMS 0x0000000705400000, 0x0000000705400000| Untracked 
|  73|0x0000000705500000, 0x0000000705500000, 0x0000000705600000|  0%| F|  |TAMS 0x0000000705500000, 0x0000000705500000| Untracked 
|  74|0x0000000705600000, 0x0000000705600000, 0x0000000705700000|  0%| F|  |TAMS 0x0000000705600000, 0x0000000705600000| Untracked 
|  75|0x0000000705700000, 0x0000000705700000, 0x0000000705800000|  0%| F|  |TAMS 0x0000000705700000, 0x0000000705700000| Untracked 
|  76|0x0000000705800000, 0x0000000705800000, 0x0000000705900000|  0%| F|  |TAMS 0x0000000705800000, 0x0000000705800000| Untracked 
|  77|0x0000000705900000, 0x0000000705900000, 0x0000000705a00000|  0%| F|  |TAMS 0x0000000705900000, 0x0000000705900000| Untracked 
|  78|0x0000000705a00000, 0x0000000705a00000, 0x0000000705b00000|  0%| F|  |TAMS 0x0000000705a00000, 0x0000000705a00000| Untracked 
|  79|0x0000000705b00000, 0x0000000705b00000, 0x0000000705c00000|  0%| F|  |TAMS 0x0000000705b00000, 0x0000000705b00000| Untracked 
|  80|0x0000000705c00000, 0x0000000705c00000, 0x0000000705d00000|  0%| F|  |TAMS 0x0000000705c00000, 0x0000000705c00000| Untracked 
|  81|0x0000000705d00000, 0x0000000705d00000, 0x0000000705e00000|  0%| F|  |TAMS 0x0000000705d00000, 0x0000000705d00000| Untracked 
|  82|0x0000000705e00000, 0x0000000705e00000, 0x0000000705f00000|  0%| F|  |TAMS 0x0000000705e00000, 0x0000000705e00000| Untracked 
|  83|0x0000000705f00000, 0x0000000705f00000, 0x0000000706000000|  0%| F|  |TAMS 0x0000000705f00000, 0x0000000705f00000| Untracked 
|  84|0x0000000706000000, 0x0000000706000000, 0x0000000706100000|  0%| F|  |TAMS 0x0000000706000000, 0x0000000706000000| Untracked 
|  85|0x0000000706100000, 0x0000000706100000, 0x0000000706200000|  0%| F|  |TAMS 0x0000000706100000, 0x0000000706100000| Untracked 
|  86|0x0000000706200000, 0x0000000706200000, 0x0000000706300000|  0%| F|  |TAMS 0x0000000706200000, 0x0000000706200000| Untracked 
|  87|0x0000000706300000, 0x0000000706300000, 0x0000000706400000|  0%| F|  |TAMS 0x0000000706300000, 0x0000000706300000| Untracked 
|  88|0x0000000706400000, 0x0000000706400000, 0x0000000706500000|  0%| F|  |TAMS 0x0000000706400000, 0x0000000706400000| Untracked 
|  89|0x0000000706500000, 0x0000000706500000, 0x0000000706600000|  0%| F|  |TAMS 0x0000000706500000, 0x0000000706500000| Untracked 
|  90|0x0000000706600000, 0x0000000706600000, 0x0000000706700000|  0%| F|  |TAMS 0x0000000706600000, 0x0000000706600000| Untracked 
|  91|0x0000000706700000, 0x0000000706700000, 0x0000000706800000|  0%| F|  |TAMS 0x0000000706700000, 0x0000000706700000| Untracked 
|  92|0x0000000706800000, 0x0000000706800000, 0x0000000706900000|  0%| F|  |TAMS 0x0000000706800000, 0x0000000706800000| Untracked 
|  93|0x0000000706900000, 0x0000000706900000, 0x0000000706a00000|  0%| F|  |TAMS 0x0000000706900000, 0x0000000706900000| Untracked 
|  94|0x0000000706a00000, 0x0000000706a00000, 0x0000000706b00000|  0%| F|  |TAMS 0x0000000706a00000, 0x0000000706a00000| Untracked 
|  95|0x0000000706b00000, 0x0000000706b00000, 0x0000000706c00000|  0%| F|  |TAMS 0x0000000706b00000, 0x0000000706b00000| Untracked 
|  96|0x0000000706c00000, 0x0000000706c00000, 0x0000000706d00000|  0%| F|  |TAMS 0x0000000706c00000, 0x0000000706c00000| Untracked 
|  97|0x0000000706d00000, 0x0000000706d00000, 0x0000000706e00000|  0%| F|  |TAMS 0x0000000706d00000, 0x0000000706d00000| Untracked 
|  98|0x0000000706e00000, 0x0000000706e00000, 0x0000000706f00000|  0%| F|  |TAMS 0x0000000706e00000, 0x0000000706e00000| Untracked 
|  99|0x0000000706f00000, 0x0000000706f00000, 0x0000000707000000|  0%| F|  |TAMS 0x0000000706f00000, 0x0000000706f00000| Untracked 
| 100|0x0000000707000000, 0x0000000707000000, 0x0000000707100000|  0%| F|  |TAMS 0x0000000707000000, 0x0000000707000000| Untracked 
| 101|0x0000000707100000, 0x0000000707100000, 0x0000000707200000|  0%| F|  |TAMS 0x0000000707100000, 0x0000000707100000| Untracked 
| 102|0x0000000707200000, 0x0000000707200000, 0x0000000707300000|  0%| F|  |TAMS 0x0000000707200000, 0x0000000707200000| Untracked 
| 103|0x0000000707300000, 0x0000000707300000, 0x0000000707400000|  0%| F|  |TAMS 0x0000000707300000, 0x0000000707300000| Untracked 
| 104|0x0000000707400000, 0x0000000707400000, 0x0000000707500000|  0%| F|  |TAMS 0x0000000707400000, 0x0000000707400000| Untracked 
| 105|0x0000000707500000, 0x0000000707500000, 0x0000000707600000|  0%| F|  |TAMS 0x0000000707500000, 0x0000000707500000| Untracked 
| 106|0x0000000707600000, 0x0000000707600000, 0x0000000707700000|  0%| F|  |TAMS 0x0000000707600000, 0x0000000707600000| Untracked 
| 107|0x0000000707700000, 0x0000000707700000, 0x0000000707800000|  0%| F|  |TAMS 0x0000000707700000, 0x0000000707700000| Untracked 
| 108|0x0000000707800000, 0x0000000707800000, 0x0000000707900000|  0%| F|  |TAMS 0x0000000707800000, 0x0000000707800000| Untracked 
| 109|0x0000000707900000, 0x0000000707900000, 0x0000000707a00000|  0%| F|  |TAMS 0x0000000707900000, 0x0000000707900000| Untracked 
| 110|0x0000000707a00000, 0x0000000707a00000, 0x0000000707b00000|  0%| F|  |TAMS 0x0000000707a00000, 0x0000000707a00000| Untracked 
| 111|0x0000000707b00000, 0x0000000707b00000, 0x0000000707c00000|  0%| F|  |TAMS 0x0000000707b00000, 0x0000000707b00000| Untracked 
| 112|0x0000000707c00000, 0x0000000707c00000, 0x0000000707d00000|  0%| F|  |TAMS 0x0000000707c00000, 0x0000000707c00000| Untracked 
| 113|0x0000000707d00000, 0x0000000707d00000, 0x0000000707e00000|  0%| F|  |TAMS 0x0000000707d00000, 0x0000000707d00000| Untracked 
| 114|0x0000000707e00000, 0x0000000707e00000, 0x0000000707f00000|  0%| F|  |TAMS 0x0000000707e00000, 0x0000000707e00000| Untracked 
| 115|0x0000000707f00000, 0x0000000707f00000, 0x0000000708000000|  0%| F|  |TAMS 0x0000000707f00000, 0x0000000707f00000| Untracked 
| 116|0x0000000708000000, 0x0000000708000000, 0x0000000708100000|  0%| F|  |TAMS 0x0000000708000000, 0x0000000708000000| Untracked 
| 117|0x0000000708100000, 0x0000000708100000, 0x0000000708200000|  0%| F|  |TAMS 0x0000000708100000, 0x0000000708100000| Untracked 
| 118|0x0000000708200000, 0x0000000708200000, 0x0000000708300000|  0%| F|  |TAMS 0x0000000708200000, 0x0000000708200000| Untracked 
| 119|0x0000000708300000, 0x0000000708300000, 0x0000000708400000|  0%| F|  |TAMS 0x0000000708300000, 0x0000000708300000| Untracked 
| 120|0x0000000708400000, 0x0000000708400000, 0x0000000708500000|  0%| F|  |TAMS 0x0000000708400000, 0x0000000708400000| Untracked 
| 121|0x0000000708500000, 0x0000000708500000, 0x0000000708600000|  0%| F|  |TAMS 0x0000000708500000, 0x0000000708500000| Untracked 
| 122|0x0000000708600000, 0x0000000708600000, 0x0000000708700000|  0%| F|  |TAMS 0x0000000708600000, 0x0000000708600000| Untracked 
| 123|0x0000000708700000, 0x0000000708700000, 0x0000000708800000|  0%| F|  |TAMS 0x0000000708700000, 0x0000000708700000| Untracked 
| 124|0x0000000708800000, 0x0000000708800000, 0x0000000708900000|  0%| F|  |TAMS 0x0000000708800000, 0x0000000708800000| Untracked 
| 125|0x0000000708900000, 0x0000000708900000, 0x0000000708a00000|  0%| F|  |TAMS 0x0000000708900000, 0x0000000708900000| Untracked 
| 126|0x0000000708a00000, 0x0000000708a00000, 0x0000000708b00000|  0%| F|  |TAMS 0x0000000708a00000, 0x0000000708a00000| Untracked 
| 127|0x0000000708b00000, 0x0000000708b00000, 0x0000000708c00000|  0%| F|  |TAMS 0x0000000708b00000, 0x0000000708b00000| Untracked 
| 128|0x0000000708c00000, 0x0000000708c00000, 0x0000000708d00000|  0%| F|  |TAMS 0x0000000708c00000, 0x0000000708c00000| Untracked 
| 129|0x0000000708d00000, 0x0000000708d00000, 0x0000000708e00000|  0%| F|  |TAMS 0x0000000708d00000, 0x0000000708d00000| Untracked 
| 130|0x0000000708e00000, 0x0000000708e00000, 0x0000000708f00000|  0%| F|  |TAMS 0x0000000708e00000, 0x0000000708e00000| Untracked 
| 131|0x0000000708f00000, 0x0000000708f00000, 0x0000000709000000|  0%| F|  |TAMS 0x0000000708f00000, 0x0000000708f00000| Untracked 
| 132|0x0000000709000000, 0x0000000709000000, 0x0000000709100000|  0%| F|  |TAMS 0x0000000709000000, 0x0000000709000000| Untracked 
| 133|0x0000000709100000, 0x0000000709100000, 0x0000000709200000|  0%| F|  |TAMS 0x0000000709100000, 0x0000000709100000| Untracked 
| 134|0x0000000709200000, 0x0000000709200000, 0x0000000709300000|  0%| F|  |TAMS 0x0000000709200000, 0x0000000709200000| Untracked 
| 135|0x0000000709300000, 0x0000000709300000, 0x0000000709400000|  0%| F|  |TAMS 0x0000000709300000, 0x0000000709300000| Untracked 
| 136|0x0000000709400000, 0x0000000709400000, 0x0000000709500000|  0%| F|  |TAMS 0x0000000709400000, 0x0000000709400000| Untracked 
| 137|0x0000000709500000, 0x0000000709500000, 0x0000000709600000|  0%| F|  |TAMS 0x0000000709500000, 0x0000000709500000| Untracked 
| 138|0x0000000709600000, 0x0000000709600000, 0x0000000709700000|  0%| F|  |TAMS 0x0000000709600000, 0x0000000709600000| Untracked 
| 139|0x0000000709700000, 0x0000000709700000, 0x0000000709800000|  0%| F|  |TAMS 0x0000000709700000, 0x0000000709700000| Untracked 
| 140|0x0000000709800000, 0x0000000709800000, 0x0000000709900000|  0%| F|  |TAMS 0x0000000709800000, 0x0000000709800000| Untracked 
| 141|0x0000000709900000, 0x0000000709900000, 0x0000000709a00000|  0%| F|  |TAMS 0x0000000709900000, 0x0000000709900000| Untracked 
| 142|0x0000000709a00000, 0x0000000709a00000, 0x0000000709b00000|  0%| F|  |TAMS 0x0000000709a00000, 0x0000000709a00000| Untracked 
| 143|0x0000000709b00000, 0x0000000709b00000, 0x0000000709c00000|  0%| F|  |TAMS 0x0000000709b00000, 0x0000000709b00000| Untracked 
| 144|0x0000000709c00000, 0x0000000709c00000, 0x0000000709d00000|  0%| F|  |TAMS 0x0000000709c00000, 0x0000000709c00000| Untracked 
| 145|0x0000000709d00000, 0x0000000709d00000, 0x0000000709e00000|  0%| F|  |TAMS 0x0000000709d00000, 0x0000000709d00000| Untracked 
| 146|0x0000000709e00000, 0x0000000709e00000, 0x0000000709f00000|  0%| F|  |TAMS 0x0000000709e00000, 0x0000000709e00000| Untracked 
| 147|0x0000000709f00000, 0x0000000709f00000, 0x000000070a000000|  0%| F|  |TAMS 0x0000000709f00000, 0x0000000709f00000| Untracked 
| 148|0x000000070a000000, 0x000000070a000000, 0x000000070a100000|  0%| F|  |TAMS 0x000000070a000000, 0x000000070a000000| Untracked 
| 149|0x000000070a100000, 0x000000070a100000, 0x000000070a200000|  0%| F|  |TAMS 0x000000070a100000, 0x000000070a100000| Untracked 
| 150|0x000000070a200000, 0x000000070a200000, 0x000000070a300000|  0%| F|  |TAMS 0x000000070a200000, 0x000000070a200000| Untracked 
| 151|0x000000070a300000, 0x000000070a300000, 0x000000070a400000|  0%| F|  |TAMS 0x000000070a300000, 0x000000070a300000| Untracked 
| 152|0x000000070a400000, 0x000000070a400000, 0x000000070a500000|  0%| F|  |TAMS 0x000000070a400000, 0x000000070a400000| Untracked 
| 153|0x000000070a500000, 0x000000070a500000, 0x000000070a600000|  0%| F|  |TAMS 0x000000070a500000, 0x000000070a500000| Untracked 
| 154|0x000000070a600000, 0x000000070a600000, 0x000000070a700000|  0%| F|  |TAMS 0x000000070a600000, 0x000000070a600000| Untracked 
| 155|0x000000070a700000, 0x000000070a700000, 0x000000070a800000|  0%| F|  |TAMS 0x000000070a700000, 0x000000070a700000| Untracked 
| 156|0x000000070a800000, 0x000000070a800000, 0x000000070a900000|  0%| F|  |TAMS 0x000000070a800000, 0x000000070a800000| Untracked 
| 157|0x000000070a900000, 0x000000070a900000, 0x000000070aa00000|  0%| F|  |TAMS 0x000000070a900000, 0x000000070a900000| Untracked 
| 158|0x000000070aa00000, 0x000000070aa00000, 0x000000070ab00000|  0%| F|  |TAMS 0x000000070aa00000, 0x000000070aa00000| Untracked 
| 159|0x000000070ab00000, 0x000000070ab00000, 0x000000070ac00000|  0%| F|  |TAMS 0x000000070ab00000, 0x000000070ab00000| Untracked 
| 160|0x000000070ac00000, 0x000000070ac00000, 0x000000070ad00000|  0%| F|  |TAMS 0x000000070ac00000, 0x000000070ac00000| Untracked 
| 161|0x000000070ad00000, 0x000000070ad00000, 0x000000070ae00000|  0%| F|  |TAMS 0x000000070ad00000, 0x000000070ad00000| Untracked 
| 162|0x000000070ae00000, 0x000000070ae00000, 0x000000070af00000|  0%| F|  |TAMS 0x000000070ae00000, 0x000000070ae00000| Untracked 
| 163|0x000000070af00000, 0x000000070af00000, 0x000000070b000000|  0%| F|  |TAMS 0x000000070af00000, 0x000000070af00000| Untracked 
| 164|0x000000070b000000, 0x000000070b000000, 0x000000070b100000|  0%| F|  |TAMS 0x000000070b000000, 0x000000070b000000| Untracked 
| 165|0x000000070b100000, 0x000000070b100000, 0x000000070b200000|  0%| F|  |TAMS 0x000000070b100000, 0x000000070b100000| Untracked 
| 166|0x000000070b200000, 0x000000070b200000, 0x000000070b300000|  0%| F|  |TAMS 0x000000070b200000, 0x000000070b200000| Untracked 
| 167|0x000000070b300000, 0x000000070b300000, 0x000000070b400000|  0%| F|  |TAMS 0x000000070b300000, 0x000000070b300000| Untracked 
| 168|0x000000070b400000, 0x000000070b400000, 0x000000070b500000|  0%| F|  |TAMS 0x000000070b400000, 0x000000070b400000| Untracked 
| 169|0x000000070b500000, 0x000000070b500000, 0x000000070b600000|  0%| F|  |TAMS 0x000000070b500000, 0x000000070b500000| Untracked 
| 170|0x000000070b600000, 0x000000070b600000, 0x000000070b700000|  0%| F|  |TAMS 0x000000070b600000, 0x000000070b600000| Untracked 
| 171|0x000000070b700000, 0x000000070b700000, 0x000000070b800000|  0%| F|  |TAMS 0x000000070b700000, 0x000000070b700000| Untracked 
| 172|0x000000070b800000, 0x000000070b800000, 0x000000070b900000|  0%| F|  |TAMS 0x000000070b800000, 0x000000070b800000| Untracked 
| 173|0x000000070b900000, 0x000000070b900000, 0x000000070ba00000|  0%| F|  |TAMS 0x000000070b900000, 0x000000070b900000| Untracked 
| 174|0x000000070ba00000, 0x000000070ba00000, 0x000000070bb00000|  0%| F|  |TAMS 0x000000070ba00000, 0x000000070ba00000| Untracked 
| 175|0x000000070bb00000, 0x000000070bb00000, 0x000000070bc00000|  0%| F|  |TAMS 0x000000070bb00000, 0x000000070bb00000| Untracked 
| 176|0x000000070bc00000, 0x000000070bc00000, 0x000000070bd00000|  0%| F|  |TAMS 0x000000070bc00000, 0x000000070bc00000| Untracked 
| 177|0x000000070bd00000, 0x000000070bd00000, 0x000000070be00000|  0%| F|  |TAMS 0x000000070bd00000, 0x000000070bd00000| Untracked 
| 178|0x000000070be00000, 0x000000070be00000, 0x000000070bf00000|  0%| F|  |TAMS 0x000000070be00000, 0x000000070be00000| Untracked 
| 179|0x000000070bf00000, 0x000000070bf00000, 0x000000070c000000|  0%| F|  |TAMS 0x000000070bf00000, 0x000000070bf00000| Untracked 
| 180|0x000000070c000000, 0x000000070c000000, 0x000000070c100000|  0%| F|  |TAMS 0x000000070c000000, 0x000000070c000000| Untracked 
| 181|0x000000070c100000, 0x000000070c100000, 0x000000070c200000|  0%| F|  |TAMS 0x000000070c100000, 0x000000070c100000| Untracked 
| 182|0x000000070c200000, 0x000000070c200000, 0x000000070c300000|  0%| F|  |TAMS 0x000000070c200000, 0x000000070c200000| Untracked 
| 183|0x000000070c300000, 0x000000070c300000, 0x000000070c400000|  0%| F|  |TAMS 0x000000070c300000, 0x000000070c300000| Untracked 
| 184|0x000000070c400000, 0x000000070c400000, 0x000000070c500000|  0%| F|  |TAMS 0x000000070c400000, 0x000000070c400000| Untracked 
| 185|0x000000070c500000, 0x000000070c500000, 0x000000070c600000|  0%| F|  |TAMS 0x000000070c500000, 0x000000070c500000| Untracked 
| 186|0x000000070c600000, 0x000000070c600000, 0x000000070c700000|  0%| F|  |TAMS 0x000000070c600000, 0x000000070c600000| Untracked 
| 187|0x000000070c700000, 0x000000070c700000, 0x000000070c800000|  0%| F|  |TAMS 0x000000070c700000, 0x000000070c700000| Untracked 
| 188|0x000000070c800000, 0x000000070c800000, 0x000000070c900000|  0%| F|  |TAMS 0x000000070c800000, 0x000000070c800000| Untracked 
| 189|0x000000070c900000, 0x000000070c900000, 0x000000070ca00000|  0%| F|  |TAMS 0x000000070c900000, 0x000000070c900000| Untracked 
| 190|0x000000070ca00000, 0x000000070ca00000, 0x000000070cb00000|  0%| F|  |TAMS 0x000000070ca00000, 0x000000070ca00000| Untracked 
| 191|0x000000070cb00000, 0x000000070cb00000, 0x000000070cc00000|  0%| F|  |TAMS 0x000000070cb00000, 0x000000070cb00000| Untracked 
| 192|0x000000070cc00000, 0x000000070cc00000, 0x000000070cd00000|  0%| F|  |TAMS 0x000000070cc00000, 0x000000070cc00000| Untracked 
| 193|0x000000070cd00000, 0x000000070cd00000, 0x000000070ce00000|  0%| F|  |TAMS 0x000000070cd00000, 0x000000070cd00000| Untracked 
| 194|0x000000070ce00000, 0x000000070ce00000, 0x000000070cf00000|  0%| F|  |TAMS 0x000000070ce00000, 0x000000070ce00000| Untracked 
| 195|0x000000070cf00000, 0x000000070cf00000, 0x000000070d000000|  0%| F|  |TAMS 0x000000070cf00000, 0x000000070cf00000| Untracked 
| 196|0x000000070d000000, 0x000000070d000000, 0x000000070d100000|  0%| F|  |TAMS 0x000000070d000000, 0x000000070d000000| Untracked 
| 197|0x000000070d100000, 0x000000070d100000, 0x000000070d200000|  0%| F|  |TAMS 0x000000070d100000, 0x000000070d100000| Untracked 
| 198|0x000000070d200000, 0x000000070d200000, 0x000000070d300000|  0%| F|  |TAMS 0x000000070d200000, 0x000000070d200000| Untracked 
| 199|0x000000070d300000, 0x000000070d300000, 0x000000070d400000|  0%| F|  |TAMS 0x000000070d300000, 0x000000070d300000| Untracked 
| 200|0x000000070d400000, 0x000000070d400000, 0x000000070d500000|  0%| F|  |TAMS 0x000000070d400000, 0x000000070d400000| Untracked 
| 201|0x000000070d500000, 0x000000070d500000, 0x000000070d600000|  0%| F|  |TAMS 0x000000070d500000, 0x000000070d500000| Untracked 
| 202|0x000000070d600000, 0x000000070d600000, 0x000000070d700000|  0%| F|  |TAMS 0x000000070d600000, 0x000000070d600000| Untracked 
| 203|0x000000070d700000, 0x000000070d700000, 0x000000070d800000|  0%| F|  |TAMS 0x000000070d700000, 0x000000070d700000| Untracked 
| 204|0x000000070d800000, 0x000000070d800000, 0x000000070d900000|  0%| F|  |TAMS 0x000000070d800000, 0x000000070d800000| Untracked 
| 205|0x000000070d900000, 0x000000070d900000, 0x000000070da00000|  0%| F|  |TAMS 0x000000070d900000, 0x000000070d900000| Untracked 
| 206|0x000000070da00000, 0x000000070da00000, 0x000000070db00000|  0%| F|  |TAMS 0x000000070da00000, 0x000000070da00000| Untracked 
| 207|0x000000070db00000, 0x000000070db00000, 0x000000070dc00000|  0%| F|  |TAMS 0x000000070db00000, 0x000000070db00000| Untracked 
| 208|0x000000070dc00000, 0x000000070dc00000, 0x000000070dd00000|  0%| F|  |TAMS 0x000000070dc00000, 0x000000070dc00000| Untracked 
| 209|0x000000070dd00000, 0x000000070dd00000, 0x000000070de00000|  0%| F|  |TAMS 0x000000070dd00000, 0x000000070dd00000| Untracked 
| 210|0x000000070de00000, 0x000000070de00000, 0x000000070df00000|  0%| F|  |TAMS 0x000000070de00000, 0x000000070de00000| Untracked 
| 211|0x000000070df00000, 0x000000070df00000, 0x000000070e000000|  0%| F|  |TAMS 0x000000070df00000, 0x000000070df00000| Untracked 
| 212|0x000000070e000000, 0x000000070e000000, 0x000000070e100000|  0%| F|  |TAMS 0x000000070e000000, 0x000000070e000000| Untracked 
| 213|0x000000070e100000, 0x000000070e100000, 0x000000070e200000|  0%| F|  |TAMS 0x000000070e100000, 0x000000070e100000| Untracked 
| 214|0x000000070e200000, 0x000000070e200000, 0x000000070e300000|  0%| F|  |TAMS 0x000000070e200000, 0x000000070e200000| Untracked 
| 215|0x000000070e300000, 0x000000070e300000, 0x000000070e400000|  0%| F|  |TAMS 0x000000070e300000, 0x000000070e300000| Untracked 
| 216|0x000000070e400000, 0x000000070e400000, 0x000000070e500000|  0%| F|  |TAMS 0x000000070e400000, 0x000000070e400000| Untracked 
| 217|0x000000070e500000, 0x000000070e500000, 0x000000070e600000|  0%| F|  |TAMS 0x000000070e500000, 0x000000070e500000| Untracked 
| 218|0x000000070e600000, 0x000000070e600000, 0x000000070e700000|  0%| F|  |TAMS 0x000000070e600000, 0x000000070e600000| Untracked 
| 219|0x000000070e700000, 0x000000070e700000, 0x000000070e800000|  0%| F|  |TAMS 0x000000070e700000, 0x000000070e700000| Untracked 
| 220|0x000000070e800000, 0x000000070e800000, 0x000000070e900000|  0%| F|  |TAMS 0x000000070e800000, 0x000000070e800000| Untracked 
| 221|0x000000070e900000, 0x000000070e900000, 0x000000070ea00000|  0%| F|  |TAMS 0x000000070e900000, 0x000000070e900000| Untracked 
| 222|0x000000070ea00000, 0x000000070ea00000, 0x000000070eb00000|  0%| F|  |TAMS 0x000000070ea00000, 0x000000070ea00000| Untracked 
| 223|0x000000070eb00000, 0x000000070eb00000, 0x000000070ec00000|  0%| F|  |TAMS 0x000000070eb00000, 0x000000070eb00000| Untracked 
| 224|0x000000070ec00000, 0x000000070ec00000, 0x000000070ed00000|  0%| F|  |TAMS 0x000000070ec00000, 0x000000070ec00000| Untracked 
| 225|0x000000070ed00000, 0x000000070ed00000, 0x000000070ee00000|  0%| F|  |TAMS 0x000000070ed00000, 0x000000070ed00000| Untracked 
| 226|0x000000070ee00000, 0x000000070ee00000, 0x000000070ef00000|  0%| F|  |TAMS 0x000000070ee00000, 0x000000070ee00000| Untracked 
| 227|0x000000070ef00000, 0x000000070ef00000, 0x000000070f000000|  0%| F|  |TAMS 0x000000070ef00000, 0x000000070ef00000| Untracked 
| 228|0x000000070f000000, 0x000000070f000000, 0x000000070f100000|  0%| F|  |TAMS 0x000000070f000000, 0x000000070f000000| Untracked 
| 229|0x000000070f100000, 0x000000070f100000, 0x000000070f200000|  0%| F|  |TAMS 0x000000070f100000, 0x000000070f100000| Untracked 
| 230|0x000000070f200000, 0x000000070f200000, 0x000000070f300000|  0%| F|  |TAMS 0x000000070f200000, 0x000000070f200000| Untracked 
| 231|0x000000070f300000, 0x000000070f300000, 0x000000070f400000|  0%| F|  |TAMS 0x000000070f300000, 0x000000070f300000| Untracked 
| 232|0x000000070f400000, 0x000000070f491f60, 0x000000070f500000| 57%| E|  |TAMS 0x000000070f400000, 0x000000070f400000| Complete 
| 233|0x000000070f500000, 0x000000070f600000, 0x000000070f600000|100%| E|CS|TAMS 0x000000070f500000, 0x000000070f500000| Complete 
| 234|0x000000070f600000, 0x000000070f700000, 0x000000070f700000|100%| E|CS|TAMS 0x000000070f600000, 0x000000070f600000| Complete 
| 235|0x000000070f700000, 0x000000070f800000, 0x000000070f800000|100%| E|CS|TAMS 0x000000070f700000, 0x000000070f700000| Complete 
| 236|0x000000070f800000, 0x000000070f900000, 0x000000070f900000|100%| E|CS|TAMS 0x000000070f800000, 0x000000070f800000| Complete 
| 237|0x000000070f900000, 0x000000070fa00000, 0x000000070fa00000|100%| E|CS|TAMS 0x000000070f900000, 0x000000070f900000| Complete 
| 238|0x000000070fa00000, 0x000000070fb00000, 0x000000070fb00000|100%| E|CS|TAMS 0x000000070fa00000, 0x000000070fa00000| Complete 
| 239|0x000000070fb00000, 0x000000070fc00000, 0x000000070fc00000|100%| E|CS|TAMS 0x000000070fb00000, 0x000000070fb00000| Complete 
| 240|0x000000070fc00000, 0x000000070fd00000, 0x000000070fd00000|100%| E|CS|TAMS 0x000000070fc00000, 0x000000070fc00000| Complete 
| 241|0x000000070fd00000, 0x000000070fe00000, 0x000000070fe00000|100%| E|CS|TAMS 0x000000070fd00000, 0x000000070fd00000| Complete 
| 242|0x000000070fe00000, 0x000000070ff00000, 0x000000070ff00000|100%| E|CS|TAMS 0x000000070fe00000, 0x000000070fe00000| Complete 
| 243|0x000000070ff00000, 0x0000000710000000, 0x0000000710000000|100%| E|CS|TAMS 0x000000070ff00000, 0x000000070ff00000| Complete 
| 244|0x0000000710000000, 0x0000000710100000, 0x0000000710100000|100%| E|CS|TAMS 0x0000000710000000, 0x0000000710000000| Complete 
| 245|0x0000000710100000, 0x0000000710200000, 0x0000000710200000|100%| E|CS|TAMS 0x0000000710100000, 0x0000000710100000| Complete 
| 246|0x0000000710200000, 0x0000000710300000, 0x0000000710300000|100%| E|CS|TAMS 0x0000000710200000, 0x0000000710200000| Complete 
| 247|0x0000000710300000, 0x0000000710400000, 0x0000000710400000|100%| E|CS|TAMS 0x0000000710300000, 0x0000000710300000| Complete 
| 248|0x0000000710400000, 0x00000007104697c0, 0x0000000710500000| 41%| S|CS|TAMS 0x0000000710400000, 0x0000000710400000| Complete 
| 249|0x0000000710500000, 0x0000000710600000, 0x0000000710600000|100%| E|CS|TAMS 0x0000000710500000, 0x0000000710500000| Complete 
| 250|0x0000000710600000, 0x0000000710700000, 0x0000000710700000|100%| E|CS|TAMS 0x0000000710600000, 0x0000000710600000| Complete 
| 251|0x0000000710700000, 0x0000000710800000, 0x0000000710800000|100%| E|CS|TAMS 0x0000000710700000, 0x0000000710700000| Complete 
| 252|0x0000000710800000, 0x0000000710900000, 0x0000000710900000|100%| E|CS|TAMS 0x0000000710800000, 0x0000000710800000| Complete 
| 253|0x0000000710900000, 0x0000000710a00000, 0x0000000710a00000|100%| E|CS|TAMS 0x0000000710900000, 0x0000000710900000| Complete 
| 254|0x0000000710a00000, 0x0000000710b00000, 0x0000000710b00000|100%| E|CS|TAMS 0x0000000710a00000, 0x0000000710a00000| Complete 
| 255|0x0000000710b00000, 0x0000000710c00000, 0x0000000710c00000|100%| E|CS|TAMS 0x0000000710b00000, 0x0000000710b00000| Complete 

Card table byte_map: [0x00000212cea10000,0x00000212cf210000] _byte_map_base: 0x00000212cb20a000

Marking Bits (Prev, Next): (CMBitMap*) 0x00000212b6c1c120, (CMBitMap*) 0x00000212b6c1c0e8
 Prev Bits: [0x00000212d39e0000, 0x00000212d79b0000)
 Next Bits: [0x00000212cfa10000, 0x00000212d39e0000)

Polling page: 0x00000212b6380000

Metaspace:

Usage:
  Non-class:     20.36 MB capacity,    20.05 MB ( 98%) used,   257.41 KB (  1%) free+waste,    56.56 KB ( <1%) overhead. 
      Class:      2.72 MB capacity,     2.50 MB ( 92%) used,   196.94 KB (  7%) free+waste,    28.25 KB (  1%) overhead. 
       Both:     23.08 MB capacity,    22.56 MB ( 98%) used,   454.35 KB (  2%) free+waste,    84.81 KB ( <1%) overhead. 

Virtual space:
  Non-class space:       22.00 MB reserved,      20.50 MB ( 93%) committed 
      Class space:        1.00 GB reserved,       2.75 MB ( <1%) committed 
             Both:        1.02 GB reserved,      23.25 MB (  2%) committed 

Chunk freelists:
   Non-Class:  1.88 KB
       Class:  3.25 KB
        Both:  5.13 KB

CodeHeap 'non-profiled nmethods': size=120000Kb used=815Kb max_used=821Kb free=119184Kb
 bounds [0x00000212c69a0000, 0x00000212c6c10000, 0x00000212cded0000]
CodeHeap 'profiled nmethods': size=120000Kb used=5339Kb max_used=5391Kb free=114660Kb
 bounds [0x00000212bf470000, 0x00000212bf9c0000, 0x00000212c69a0000]
CodeHeap 'non-nmethods': size=5760Kb used=1299Kb max_used=1312Kb free=4460Kb
 bounds [0x00000212beed0000, 0x00000212bf140000, 0x00000212bf470000]
 total_blobs=3602 nmethods=2366 adapters=616
 compilation: enabled
              stopped_count=0, restarted_count=0
 full_count=0

Compilation events (10 events):
Event: 8.598 Thread 0x00000212dae04800 2402       1       javax.swing.JLabel::getDisplayedMnemonicIndex (5 bytes)
Event: 8.598 Thread 0x00000212dae00800 2395       4       sun.font.FontDesignMetrics::getLatinCharWidth (29 bytes)
Event: 8.598 Thread 0x00000212dae04800 nmethod 2402 0x00000212c6a6bb90 code [0x00000212c6a6bd40, 0x00000212c6a6be58]
Event: 8.600 Thread 0x00000212dae00800 nmethod 2395 0x00000212c6a6bf10 code [0x00000212c6a6c0e0, 0x00000212c6a6c208]
Event: 8.600 Thread 0x00000212dae00800 2405       4       java.util.Objects::equals (23 bytes)
Event: 8.600 Thread 0x00000212dae00800 nmethod 2405 0x00000212c6a6c390 code [0x00000212c6a6c520, 0x00000212c6a6c598]
Event: 8.600 Thread 0x00000212dae04800 2406       3       java.lang.ClassLoader::findNative (81 bytes)
Event: 8.601 Thread 0x00000212dae04800 nmethod 2406 0x00000212bf9a5e90 code [0x00000212bf9a60e0, 0x00000212bf9a6980]
Event: 8.601 Thread 0x00000212dae04800 2407       3       java.util.concurrent.ConcurrentHashMap::isEmpty (15 bytes)
Event: 8.601 Thread 0x00000212dae04800 nmethod 2407 0x00000212bf9a6c10 code [0x00000212bf9a6de0, 0x00000212bf9a6fd0]

GC Heap History (4 events):
Event: 3.192 GC heap before
{Heap before GC invocations=0 (full 0):
 garbage-first heap   total 262144K, used 24576K [0x0000000700c00000, 0x0000000800000000)
  region size 1024K, 24 young (24576K), 0 survivors (0K)
 Metaspace       used 19429K, capacity 19886K, committed 20096K, reserved 1067008K
  class space    used 2179K, capacity 2391K, committed 2432K, reserved 1048576K
}
Event: 3.202 GC heap after
{Heap after GC invocations=1 (full 0):
 garbage-first heap   total 262144K, used 9088K [0x0000000700c00000, 0x0000000800000000)
  region size 1024K, 3 young (3072K), 3 survivors (3072K)
 Metaspace       used 19429K, capacity 19886K, committed 20096K, reserved 1067008K
  class space    used 2179K, capacity 2391K, committed 2432K, reserved 1048576K
}
Event: 6.671 GC heap before
{Heap before GC invocations=1 (full 0):
 garbage-first heap   total 262144K, used 15232K [0x0000000700c00000, 0x0000000800000000)
  region size 1024K, 10 young (10240K), 3 survivors (3072K)
 Metaspace       used 20745K, capacity 21186K, committed 21248K, reserved 1069056K
  class space    used 2294K, capacity 2527K, committed 2560K, reserved 1048576K
}
Event: 6.678 GC heap after
{Heap after GC invocations=2 (full 0):
 garbage-first heap   total 262144K, used 9637K [0x0000000700c00000, 0x0000000800000000)
  region size 1024K, 1 young (1024K), 1 survivors (1024K)
 Metaspace       used 20745K, capacity 21186K, committed 21248K, reserved 1069056K
  class space    used 2294K, capacity 2527K, committed 2560K, reserved 1048576K
}

Deoptimization events (10 events):
Event: 6.830 Thread 0x00000212dc19e000 Uncommon trap: reason=class_check action=maybe_recompile pc=0x00000212c6a40944 method=java.util.HashSet.add(Ljava/lang/Object;)Z @ 8 c2
Event: 6.830 Thread 0x00000212dc19e000 Uncommon trap: reason=class_check action=maybe_recompile pc=0x00000212c6a40944 method=java.util.HashSet.add(Ljava/lang/Object;)Z @ 8 c2
Event: 6.830 Thread 0x00000212dc19e000 Uncommon trap: reason=class_check action=maybe_recompile pc=0x00000212c69f6970 method=java.util.HashMap.putVal(ILjava/lang/Object;Ljava/lang/Object;ZZ)Ljava/lang/Object; @ 253 c2
Event: 6.830 Thread 0x00000212dc19e000 Uncommon trap: reason=class_check action=maybe_recompile pc=0x00000212c69f6970 method=java.util.HashMap.putVal(ILjava/lang/Object;Ljava/lang/Object;ZZ)Ljava/lang/Object; @ 253 c2
Event: 6.830 Thread 0x00000212dc19e000 Uncommon trap: reason=class_check action=maybe_recompile pc=0x00000212c69f43f0 method=java.util.HashMap.putVal(ILjava/lang/Object;Ljava/lang/Object;ZZ)Ljava/lang/Object; @ 253 c2
Event: 8.523 Thread 0x00000212dc19e000 Uncommon trap: reason=class_check action=maybe_recompile pc=0x00000212c6a3780c method=jdk.internal.logger.AbstractLoggerWrapper.isLoggable(Lsun/util/logging/PlatformLogger$Level;)Z @ 20 c2
Event: 8.523 Thread 0x00000212dc19e000 Uncommon trap: reason=class_check action=maybe_recompile pc=0x00000212c6a3780c method=jdk.internal.logger.AbstractLoggerWrapper.isLoggable(Lsun/util/logging/PlatformLogger$Level;)Z @ 20 c2
Event: 8.523 Thread 0x00000212dc19e000 Uncommon trap: reason=class_check action=maybe_recompile pc=0x00000212c6a3780c method=jdk.internal.logger.AbstractLoggerWrapper.isLoggable(Lsun/util/logging/PlatformLogger$Level;)Z @ 20 c2
Event: 8.523 Thread 0x00000212dc19e000 Uncommon trap: reason=class_check action=maybe_recompile pc=0x00000212c6a3780c method=jdk.internal.logger.AbstractLoggerWrapper.isLoggable(Lsun/util/logging/PlatformLogger$Level;)Z @ 20 c2
Event: 8.549 Thread 0x00000212dc19e000 Uncommon trap: reason=unstable_if action=reinterpret pc=0x00000212c6a3fe88 method=java.awt.Component.getInputContext()Ljava/awt/im/InputContext; @ 6 c2

Classes redefined (0 events):
No events

Internal exceptions (10 events):
Event: 2.452 Thread 0x00000212dc19e000 Exception <a 'java/lang/NoSuchMethodError'{0x000000070f6720d0}: java.lang.invoke.DirectMethodHandle$Holder.invokeSpecial(Ljava/lang/Object;Ljava/lang/Object;IIILjava/lang/Object;Ljava/lang/Object;Ljava/lang/Object;)Ljava/lang/Object;> (0x000000070f6720d0)
Event: 2.452 Thread 0x00000212dc19e000 Exception <a 'java/lang/NoSuchMethodError'{0x000000070f675c50}: java.lang.invoke.DelegatingMethodHandle$Holder.reinvoke_L(Ljava/lang/Object;IIILjava/lang/Object;Ljava/lang/Object;Ljava/lang/Object;)Ljava/lang/Object;> (0x000000070f675c50) thrown at [t:/wo
Event: 2.453 Thread 0x00000212dc19e000 Exception <a 'java/lang/NoSuchMethodError'{0x000000070f6f8770}: java.lang.invoke.DirectMethodHandle$Holder.invokeStatic(Ljava/lang/Object;Ljava/lang/Object;Ljava/lang/Object;Ljava/lang/Object;Ljava/lang/Object;I)Ljava/lang/Object;> (0x000000070f6f8770) th
Event: 6.651 Thread 0x00000212dc19e000 Implicit null exception at 0x00000212c6a3bc1e to 0x00000212c6a3be33
Event: 6.667 Thread 0x00000212dc19e000 Exception <a 'java/lang/ClassNotFoundException'{0x00000007105a0f88}: javax/smartcardio/CardPermission> (0x00000007105a0f88) thrown at [t:/workspace/open/src/hotspot/share/classfile/systemDictionary.cpp, line 231]
Event: 6.669 Thread 0x00000212dc19e000 Exception <a 'java/io/FileNotFoundException'{0x00000007105afac0}> (0x00000007105afac0) thrown at [t:/workspace/open/src/hotspot/share/prims/jni.cpp, line 615]
Event: 6.832 Thread 0x00000212dc19e000 Exception <a 'java/lang/NoSuchMethodError'{0x000000070fb72990}: java.lang.invoke.DirectMethodHandle$Holder.invokeStatic(Ljava/lang/Object;IIII)Ljava/lang/Object;> (0x000000070fb72990) thrown at [t:/workspace/open/src/hotspot/share/interpreter/linkResolver
Event: 6.832 Thread 0x00000212dc19e000 Exception <a 'java/lang/NoSuchMethodError'{0x000000070fb75d50}: java.lang.invoke.DirectMethodHandle$Holder.invokeStaticInit(Ljava/lang/Object;IIII)Ljava/lang/Object;> (0x000000070fb75d50) thrown at [t:/workspace/open/src/hotspot/share/interpreter/linkReso
Event: 6.956 Thread 0x00000212dc19e000 Exception <a 'java/lang/NoSuchMethodError'{0x000000070fbdcd60}: java.lang.invoke.DirectMethodHandle$Holder.invokeStatic(Ljava/lang/Object;Ljava/lang/Object;IIII)Ljava/lang/Object;> (0x000000070fbdcd60) thrown at [t:/workspace/open/src/hotspot/share/interp
Event: 6.956 Thread 0x00000212dc19e000 Exception <a 'java/lang/NoSuchMethodError'{0x000000070fbe0350}: java.lang.invoke.DirectMethodHandle$Holder.invokeStaticInit(Ljava/lang/Object;Ljava/lang/Object;IIII)Ljava/lang/Object;> (0x000000070fbe0350) thrown at [t:/workspace/open/src/hotspot/share/in

Events (10 events):
Event: 8.602 loading class com/xuggle/xuggler/IPixelFormat$Type
Event: 8.602 loading class com/xuggle/xuggler/IPixelFormat$Type done
Event: 8.602 Executing VM operation: RevokeBias
Event: 8.602 Executing VM operation: RevokeBias done
Event: 8.603 loading class com/xuggle/xuggler/IPixelFormat$Type$SwigNext
Event: 8.603 loading class com/xuggle/xuggler/IPixelFormat$Type$SwigNext done
Event: 8.604 loading class com/xuggle/xuggler/IVideoPicture
Event: 8.604 loading class com/xuggle/xuggler/IVideoPicture done
Event: 8.604 Executing VM operation: RevokeBias
Event: 8.604 Executing VM operation: RevokeBias done


Dynamic libraries:
0x00007ff6807e0000 - 0x00007ff680827000 	C:\Program Files\Java\jdk-11.0.2\bin\java.exe
0x00007ffcd6a50000 - 0x00007ffcd6c3d000 	C:\Windows\SYSTEM32\ntdll.dll
0x00007ffcd67f0000 - 0x00007ffcd68a3000 	C:\Windows\System32\KERNEL32.DLL
0x00007ffcd3710000 - 0x00007ffcd39a3000 	C:\Windows\System32\KERNELBASE.dll
0x00007ffcd4af0000 - 0x00007ffcd4b93000 	C:\Windows\System32\ADVAPI32.dll
0x00007ffcd4ba0000 - 0x00007ffcd4c3e000 	C:\Windows\System32\msvcrt.dll
0x00007ffcd6400000 - 0x00007ffcd649e000 	C:\Windows\System32\sechost.dll
0x00007ffcd4cf0000 - 0x00007ffcd4e12000 	C:\Windows\System32\RPCRT4.dll
0x00007ffcd65f0000 - 0x00007ffcd6787000 	C:\Windows\System32\USER32.dll
0x00007ffcd3c60000 - 0x00007ffcd3c80000 	C:\Windows\System32\win32u.dll
0x00007ffcd3e30000 - 0x00007ffcd3e59000 	C:\Windows\System32\GDI32.dll
0x00007ffcd3470000 - 0x00007ffcd360a000 	C:\Windows\System32\gdi32full.dll
0x00007ffcd33d0000 - 0x00007ffcd3470000 	C:\Windows\System32\msvcp_win.dll
0x00007ffcd3610000 - 0x00007ffcd370a000 	C:\Windows\System32\ucrtbase.dll
0x00007ffcc29e0000 - 0x00007ffcc2c59000 	C:\Windows\WinSxS\amd64_microsoft.windows.common-controls_6595b64144ccf1df_6.0.17763.503_none_05b23ef40721f4ae\COMCTL32.dll
0x00007ffccc750000 - 0x00007ffccc75a000 	C:\Windows\SYSTEM32\VERSION.dll
0x00007ffcd47c0000 - 0x00007ffcd4aec000 	C:\Windows\System32\combase.dll
0x00007ffcd2b20000 - 0x00007ffcd2b9e000 	C:\Windows\System32\bcryptPrimitives.dll
0x00007ffcd4e20000 - 0x00007ffcd4e4e000 	C:\Windows\System32\IMM32.DLL
0x00007ffccf640000 - 0x00007ffccf656000 	C:\Program Files\Java\jdk-11.0.2\bin\vcruntime140.dll
0x00007ffcc19d0000 - 0x00007ffcc1a7a000 	C:\Program Files\Java\jdk-11.0.2\bin\msvcp140.dll
0x00007ffc8ecf0000 - 0x00007ffc8f817000 	C:\Program Files\Java\jdk-11.0.2\bin\server\jvm.dll
0x00007ffcd6a10000 - 0x00007ffcd6a18000 	C:\Windows\System32\PSAPI.DLL
0x00007ffccf680000 - 0x00007ffccf689000 	C:\Windows\SYSTEM32\WSOCK32.dll
0x00007ffcd0c30000 - 0x00007ffcd0c54000 	C:\Windows\SYSTEM32\WINMM.dll
0x00007ffcd45a0000 - 0x00007ffcd460d000 	C:\Windows\System32\WS2_32.dll
0x00007ffcd0ae0000 - 0x00007ffcd0b0d000 	C:\Windows\SYSTEM32\winmmbase.dll
0x00007ffcd3c10000 - 0x00007ffcd3c5a000 	C:\Windows\System32\cfgmgr32.dll
0x00007ffcd2b00000 - 0x00007ffcd2b11000 	C:\Windows\System32\kernel.appcore.dll
0x00007ffcca290000 - 0x00007ffcca2a1000 	C:\Program Files\Java\jdk-11.0.2\bin\verify.dll
0x00007ffcc5210000 - 0x00007ffcc53fd000 	C:\Windows\SYSTEM32\DBGHELP.DLL
0x00007ffcc5010000 - 0x00007ffcc503a000 	C:\Windows\SYSTEM32\dbgcore.DLL
0x00007ffcc1a80000 - 0x00007ffcc1aa9000 	C:\Program Files\Java\jdk-11.0.2\bin\java.dll
0x00007ffcc2620000 - 0x00007ffcc2636000 	C:\Program Files\Java\jdk-11.0.2\bin\zip.dll
0x00007ffccf620000 - 0x00007ffccf62a000 	C:\Program Files\Java\jdk-11.0.2\bin\jimage.dll
0x00007ffcd4e50000 - 0x00007ffcd6340000 	C:\Windows\System32\SHELL32.dll
0x00007ffcd4c40000 - 0x00007ffcd4ce8000 	C:\Windows\System32\shcore.dll
0x00007ffcd2c80000 - 0x00007ffcd33ca000 	C:\Windows\System32\windows.storage.dll
0x00007ffcd2ad0000 - 0x00007ffcd2af4000 	C:\Windows\System32\profapi.dll
0x00007ffcd2a70000 - 0x00007ffcd2acd000 	C:\Windows\System32\powrprof.dll
0x00007ffcd63a0000 - 0x00007ffcd63f2000 	C:\Windows\System32\shlwapi.dll
0x00007ffcd3bf0000 - 0x00007ffcd3c07000 	C:\Windows\System32\cryptsp.dll
0x00007ffcc25a0000 - 0x00007ffcc25b9000 	C:\Program Files\Java\jdk-11.0.2\bin\net.dll
0x00007ffcc97c0000 - 0x00007ffcc9996000 	C:\Windows\SYSTEM32\urlmon.dll
0x00007ffccad70000 - 0x00007ffccae61000 	C:\Windows\SYSTEM32\WINHTTP.dll
0x00007ffcc7920000 - 0x00007ffcc7bc8000 	C:\Windows\SYSTEM32\iertutil.dll
0x00007ffcd24a0000 - 0x00007ffcd24ac000 	C:\Windows\SYSTEM32\CRYPTBASE.DLL
0x00007ffcd22d0000 - 0x00007ffcd2337000 	C:\Windows\system32\mswsock.dll
0x00007ffcc1de0000 - 0x00007ffcc1df3000 	C:\Program Files\Java\jdk-11.0.2\bin\nio.dll
0x00007ffca5270000 - 0x00007ffca540f000 	C:\Program Files\Java\jdk-11.0.2\bin\awt.dll
0x00007ffcd3ed0000 - 0x00007ffcd3f94000 	C:\Windows\System32\OLEAUT32.dll
0x00007ffccfef0000 - 0x00007ffcd04ae000 	C:\Windows\SYSTEM32\d2d1.dll
0x00007ffcd0d40000 - 0x00007ffcd0dcc000 	C:\Windows\SYSTEM32\apphelp.dll
0x00007ffcd14a0000 - 0x00007ffcd14ce000 	C:\Windows\system32\DWMAPI.DLL
0x00007ffcd39b0000 - 0x00007ffcd3b8b000 	C:\Windows\System32\CRYPT32.dll
0x00007ffcd2a50000 - 0x00007ffcd2a62000 	C:\Windows\System32\MSASN1.dll
0x00007ffcd1070000 - 0x00007ffcd110c000 	C:\Windows\system32\uxtheme.dll
0x00007ffc95510000 - 0x00007ffc95637000 	C:\Windows\system32\opengl32.dll
0x00007ffca5150000 - 0x00007ffca517c000 	C:\Windows\SYSTEM32\GLU32.dll
0x00007ffcd4430000 - 0x00007ffcd459a000 	C:\Windows\System32\MSCTF.dll
0x00007ffcd68b0000 - 0x00007ffcd6a05000 	C:\Windows\System32\ole32.dll
0x00007ffc98490000 - 0x00007ffc9862e000 	C:\Windows\system32\d3d9.dll
0x00007ffccc760000 - 0x00007ffccc8f6000 	C:\Windows\System32\DriverStore\FileRepository\c0313676.inf_amd64_96bbc33bec5c7fae\aticfx64.dll
0x00007ffcb7fa0000 - 0x00007ffcb7fd2000 	C:\Windows\System32\DriverStore\FileRepository\c0313676.inf_amd64_96bbc33bec5c7fae\atiu9p64.dll
0x00007ffc919e0000 - 0x00007ffc92316000 	C:\Windows\System32\DriverStore\FileRepository\c0313676.inf_amd64_96bbc33bec5c7fae\atiumd64.dll
0x0000000073bb0000 - 0x00000000749d7000 	C:\Windows\System32\DriverStore\FileRepository\c0313676.inf_amd64_96bbc33bec5c7fae\atiumd6a.dll
0x00007ffcb3250000 - 0x00007ffcb32d0000 	C:\Program Files\Java\jdk-11.0.2\bin\freetype.dll
0x00007ffcc1960000 - 0x00007ffcc19cf000 	C:\Program Files\Java\jdk-11.0.2\bin\fontmanager.dll
0x00007ffcc9af0000 - 0x00007ffcc9b85000 	C:\Windows\System32\TextInputFramework.dll
0x00007ffcd09f0000 - 0x00007ffcd0ad2000 	C:\Windows\System32\CoreMessaging.dll
0x00007ffccd610000 - 0x00007ffccd932000 	C:\Windows\System32\CoreUIComponents.dll
0x00007ffcce7e0000 - 0x00007ffcce933000 	C:\Windows\SYSTEM32\wintypes.dll
0x00007ffcd1b10000 - 0x00007ffcd1b41000 	C:\Windows\SYSTEM32\ntmarta.dll
0x00007ffca4300000 - 0x00007ffca43a9000 	C:\Windows\WinSxS\amd64_microsoft.windows.common-controls_6595b64144ccf1df_5.82.17763.503_none_10df0e8e64330b03\comctl32.dll
0x00007ffcd64a0000 - 0x00007ffcd6542000 	C:\Windows\System32\clbcatq.dll
0x00007ffccef90000 - 0x00007ffccf138000 	C:\Windows\SYSTEM32\PROPSYS.dll
0x00007ffc9f8a0000 - 0x00007ffc9f9c7000 	C:\Windows\system32\NetworkExplorer.dll
0x00007ffcca040000 - 0x00007ffcca05b000 	C:\Windows\SYSTEM32\MPR.dll
0x00007ffcca2b0000 - 0x00007ffcca2bb000 	C:\Windows\System32\drprov.dll
0x00007ffcd1d60000 - 0x00007ffcd1db8000 	C:\Windows\System32\WINSTA.dll
0x00007ffcc1e60000 - 0x00007ffcc1e75000 	C:\Windows\System32\ntlanman.dll
0x00007ffcbc8d0000 - 0x00007ffcbc8ed000 	C:\Windows\System32\davclnt.dll
0x00007ffcc84f0000 - 0x00007ffcc84fc000 	C:\Windows\System32\DAVHLPR.dll
0x00007ffccef60000 - 0x00007ffccef77000 	C:\Windows\System32\wkscli.dll
0x00007ffcd2c50000 - 0x00007ffcd2c76000 	C:\Windows\System32\bcrypt.dll
0x00007ffcba6d0000 - 0x00007ffcba6e2000 	C:\Windows\SYSTEM32\cscapi.dll
0x00007ffcd2140000 - 0x00007ffcd214e000 	C:\Windows\System32\netutils.dll
0x00007ffcbb850000 - 0x00007ffcbb89b000 	C:\Windows\System32\dlnashext.dll
0x00007ffcaa890000 - 0x00007ffcaa8f4000 	C:\Windows\System32\PlayToDevice.dll
0x00007ffcbbe00000 - 0x00007ffcbbe20000 	C:\Windows\System32\DevDispItemProvider.dll
0x00007ffccd9b0000 - 0x00007ffccda20000 	C:\Windows\System32\MMDevApi.dll
0x00007ffcd2860000 - 0x00007ffcd2889000 	C:\Windows\System32\DEVOBJ.dll
0x00007ffc96f20000 - 0x00007ffc97100000 	C:\Windows\system32\wpdshext.dll
0x00007ffcb17e0000 - 0x00007ffcb1985000 	C:\Windows\WinSxS\amd64_microsoft.windows.gdiplus_6595b64144ccf1df_1.1.17763.503_none_369d31d961b46e7c\gdiplus.dll
0x00007ffccf200000 - 0x00007ffccf29f000 	C:\Windows\System32\PortableDeviceApi.dll
0x00007ffcd3fb0000 - 0x00007ffcd4426000 	C:\Windows\System32\SETUPAPI.dll
0x00007ffcd3b90000 - 0x00007ffcd3be9000 	C:\Windows\System32\WINTRUST.dll
0x00007ffccd550000 - 0x00007ffccd580000 	C:\Windows\System32\PortableDeviceTypes.dll
0x00007ffcb1a60000 - 0x00007ffcb1a97000 	C:\Windows\System32\EhStorShell.dll
0x00007ffcbade0000 - 0x00007ffcbae05000 	C:\Windows\System32\EhStorAPI.dll
0x00007ffccf350000 - 0x00007ffccf363000 	C:\Windows\System32\WTSAPI32.dll
0x00007ffcbaf00000 - 0x00007ffcbb029000 	C:\Windows\System32\Windows.StateRepositoryPS.dll
0x00007ffcb9a40000 - 0x00007ffcb9a4d000 	C:\Windows\SYSTEM32\LINKINFO.dll
0x00007ffccd010000 - 0x00007ffccd1c8000 	C:\Windows\SYSTEM32\WindowsCodecs.dll
0x00007ffcb44e0000 - 0x00007ffcb4536000 	C:\Windows\system32\dataexchange.dll
0x00007ffccfc70000 - 0x00007ffccfeee000 	C:\Windows\system32\d3d11.dll
0x00007ffcd04b0000 - 0x00007ffcd0673000 	C:\Windows\system32\dcomp.dll
0x00007ffcd18a0000 - 0x00007ffcd1962000 	C:\Windows\system32\dxgi.dll
0x00007ffcd1160000 - 0x00007ffcd136d000 	C:\Windows\system32\twinapi.appcore.dll
0x00007ffcd1370000 - 0x00007ffcd1398000 	C:\Windows\system32\RMCLIENT.dll
0x00007ffcd1e90000 - 0x00007ffcd1ec3000 	C:\Windows\system32\rsaenh.dll
0x00007ffcd2950000 - 0x00007ffcd2978000 	C:\Windows\SYSTEM32\USERENV.dll
0x00007ffcd2030000 - 0x00007ffcd206d000 	C:\Windows\SYSTEM32\IPHLPAPI.DLL
0x00007ffcd3fa0000 - 0x00007ffcd3fa8000 	C:\Windows\System32\NSI.dll
0x00007ffccd520000 - 0x00007ffccd536000 	C:\Windows\SYSTEM32\dhcpcsvc6.DLL
0x00007ffccd490000 - 0x00007ffccd4ac000 	C:\Windows\SYSTEM32\dhcpcsvc.DLL
0x00007ffcd2070000 - 0x00007ffcd2136000 	C:\Windows\SYSTEM32\DNSAPI.dll
0x000000006e740000 - 0x000000006fad0000 	C:\Users\angel\AppData\Local\Temp\xuggle\xuggle10718615671278086818.dll
0x00007ffcba500000 - 0x00007ffcba518000 	C:\Windows\SYSTEM32\AVICAP32.dll
0x00007ffcb7eb0000 - 0x00007ffcb7ed9000 	C:\Windows\SYSTEM32\MSVFW32.dll

dbghelp: loaded successfully - version: 4.0.5 - missing functions: none
symbol engine: initialized successfully - sym options: 0x614 - pdb path: .;C:\Program Files\Java\jdk-11.0.2\bin;C:\Windows\SYSTEM32;C:\Windows\WinSxS\amd64_microsoft.windows.common-controls_6595b64144ccf1df_6.0.17763.503_none_05b23ef40721f4ae;C:\Program Files\Java\jdk-11.0.2\bin\server;C:\Windows\System32\DriverStore\FileRepository\c0313676.inf_amd64_96bbc33bec5c7fae;C:\Windows\WinSxS\amd64_microsoft.windows.common-controls_6595b64144ccf1df_5.82.17763.503_none_10df0e8e64330b03;C:\Windows\WinSxS\amd64_microsoft.windows.gdiplus_6595b64144ccf1df_1.1.17763.503_none_369d31d961b46e7c;C:\Users\angel\AppData\Local\Temp\xuggle

VM Arguments:
java_command: PaquetePrincipal.Principal
java_class_path (initial): C:\Users\angel\Documents\NetBeansProjects\TFG_FINAL_1.0\target\classes;C:\Users\angel\.m2\repository\org\boofcv\xuggler\0.23\xuggler-0.23.jar;C:\Users\angel\.m2\repository\org\boofcv\ip\0.23\ip-0.23.jar;C:\Users\angel\.m2\repository\org\boofcv\io\0.23\io-0.23.jar;C:\Users\angel\.m2\repository\com\thoughtworks\xstream\xstream\1.4.7\xstream-1.4.7.jar;C:\Users\angel\.m2\repository\xmlpull\xmlpull\1.1.3.1\xmlpull-1.1.3.1.jar;C:\Users\angel\.m2\repository\xpp3\xpp3_min\1.1.4c\xpp3_min-1.1.4c.jar;C:\Users\angel\.m2\repository\org\georegression\georegression\0.10\georegression-0.10.jar;C:\Users\angel\.m2\repository\org\ddogleg\ddogleg\0.9\ddogleg-0.9.jar;C:\Users\angel\.m2\repository\org\ejml\simple\0.29\simple-0.29.jar;C:\Users\angel\.m2\repository\org\ejml\dense64\0.29\dense64-0.29.jar;C:\Users\angel\.m2\repository\org\ejml\core\0.29\core-0.29.jar;C:\Users\angel\.m2\repository\org\ejml\equation\0.29\equation-0.29.jar;C:\Users\angel\.m2\repository\org\boofcv\visualize\0.23\visualize-0.23.jar;C:\Users\angel\.m2\repository\org\boofcv\geo\0.23\geo-0.23.jar;C:\Users\angel\.m2\repository\org\boofcv\feature\0.23\feature-0.23.jar;C:\Users\angel\.m2\repository\org\boofcv\recognition\0.23\recognition-0.23.jar;C:\Users\angel\.m2\repository\org\boofcv\sfm\0.23\sfm-0.23.jar;C:\Users\angel\.m2\repository\org\boofcv\calibration\0.23\calibration-0.23.jar;C:\Users\angel\.m2\repository\org\openimaj\xuggle-video\1.3.8\xuggle-video-1.3.8.jar;C:\Users\angel\.m2\repository\xuggle\xuggle-xuggler-lgpl\5.5-20140728\xuggle-xuggler-lgpl-5.5-20140728.jar;C:\Users\angel\.m2\repository\org\slf4j\slf4j-api\1.6.4\slf4j-api-1.6.4.jar;C:\Users\angel\.m2\repository\commons-cli\commons-cli\1.1\commons-cli-1.1.jar;C:\Users\angel\.m2\repository\ch\qos\logback\logback-core\1.0.0\logback-core-1.0.0.jar;C:\Users\angel\.m2\repository\ch\qos\logback\logback-classic\1.0.0\logback-classic-1.0.0.jar;C:\Users\angel\.m2\repository\org\openimaj\core-video\1.3.8\core-video-1.3.8.jar;C:\Users
Launcher Type: SUN_STANDARD

[Global flags]
     intx CICompilerCount                          = 4                                         {product} {ergonomic}
     uint ConcGCThreads                            = 2                                         {product} {ergonomic}
     uint G1ConcRefinementThreads                  = 8                                         {product} {ergonomic}
   size_t G1HeapRegionSize                         = 1048576                                   {product} {ergonomic}
    uintx GCDrainStackTargetSize                   = 64                                        {product} {ergonomic}
   size_t InitialHeapSize                          = 268435456                                 {product} {ergonomic}
   size_t MarkStackSize                            = 4194304                                   {product} {ergonomic}
   size_t MaxHeapSize                              = 4282384384                                {product} {ergonomic}
   size_t MaxNewSize                               = 2569011200                                {product} {ergonomic}
   size_t MinHeapDeltaBytes                        = 1048576                                   {product} {ergonomic}
    uintx NonNMethodCodeHeapSize                   = 5835340                                {pd product} {ergonomic}
    uintx NonProfiledCodeHeapSize                  = 122911450                              {pd product} {ergonomic}
    uintx ProfiledCodeHeapSize                     = 122911450                              {pd product} {ergonomic}
    uintx ReservedCodeCacheSize                    = 251658240                              {pd product} {ergonomic}
     bool SegmentedCodeCache                       = true                                      {product} {ergonomic}
     bool UseCompressedClassPointers               = true                                 {lp64_product} {ergonomic}
     bool UseCompressedOops                        = true                                 {lp64_product} {ergonomic}
     bool UseG1GC                                  = true                                      {product} {ergonomic}
     bool UseLargePagesIndividualAllocation        = false                                  {pd product} {ergonomic}

Logging:
Log output configuration:
 #0: stdout all=warning uptime,level,tags
 #1: stderr all=off uptime,level,tags

Environment Variables:
JAVA_HOME=C:\Program Files\Java\jdk-11.0.2
PATH=C:\Windows\system32;C:\Windows;C:\Windows\System32\Wbem;C:\Windows\System32\WindowsPowerShell\v1.0\;C:\Windows\System32\OpenSSH\;C:\Users\angel\AppData\Local\Microsoft\WindowsApps;
USERNAME=angel
OS=Windows_NT
PROCESSOR_IDENTIFIER=AMD64 Family 21 Model 2 Stepping 0, AuthenticAMD



---------------  S Y S T E M  ---------------

OS: Windows 10 , 64 bit Build 17763 (10.0.17763.475)

CPU:total 8 (initial active 8) (8 cores per cpu, 1 threads per core) family 21 model 2 stepping 0, cmov, cx8, fxsr, mmx, sse, sse2, sse3, ssse3, sse4.1, sse4.2, popcnt, avx, aes, clmul, mmxext, 3dnowpref, lzcnt, sse4a, tsc, tscinvbit, tscinv, bmi1, fma

Memory: 4k page, system-wide physical 16332M (5725M free)
TotalPageFile size 21964M (AvailPageFile size 6309M)
current process WorkingSet (physical memory assigned to process): 182M, peak: 182M
current process commit charge ("private bytes"): 442M, peak: 444M

vm_info: Java HotSpot(TM) 64-Bit Server VM (11.0.2+9-LTS) for windows-amd64 JRE (11.0.2+9-LTS), built on Jan 18 2019 05:24:10 by "mach5one" with MS VC++ 15.5 (VS2017)

END.
